2024/10/24 11:35:27 | DBUG @ Service: audio_prospector & Function: handlers.logging.set_stdout_file | Setting logging stdout_file to True
2024/10/24 11:35:27 | DBUG @ Service: audio_prospector & Function: handlers.database.set_uri | Setting uri to mongodb+srv://netxp:8FrLLDKDLicb9g9r@c0.btzz4an.mongodb.net/?retryWrites=true&w=majority&appName=C0
2024/10/24 11:35:27 | INFO @ Service: audio_prospector & Function: run.__main__ | Successfully passed configuration to handlers
2024/10/24 11:35:27 | INFO @ Service: audio_prospector & Function: run.__main__ | Successfully started service audio_prospector
2024/10/24 11:35:27 | DBUG @ Service: audio_prospector & Function: audio_prospector._api_start | Passing configuration to api object and startning api server
2024/10/24 11:35:38 | INFO @ Service: audio_prospector & Function: audio_prospector._api_routing | S: API hit no. 1 get /api/audioprospector/status
2024/10/24 11:35:38 | INFO @ Service: audio_prospector & Function: audio_prospector._api_routing | EOK: API hit no. 1 get /api/audioprospector/status
2024/10/24 11:35:44 | INFO @ Service: audio_prospector & Function: audio_prospector._api_routing | S: API hit no. 2 post /api/audioprospector/start
2024/10/24 11:35:44 | INFO @ Service: audio_prospector & Function: audio_prospector._job_start | Attempting to start job with configuration: {'path': 'string', 'audio_extension': 'wav', 'scanning_interval': 0}
2024/10/24 11:35:44 | DBUG @ Service: audio_prospector & Function: audio_prospector._job_start | Attempting to verify current job status
2024/10/24 11:35:44 | DBUG @ Service: audio_prospector & Function: audio_prospector._job_start | Current job status is IDLE
2024/10/24 11:35:44 | DBUG @ Service: audio_prospector & Function: audio_prospector._job_start | Creating job thread
2024/10/24 11:35:44 | DBUG @ Service: audio_prospector & Function: audio_prospector._job_start | Starting job thread
2024/10/24 11:36:51 | DBUG @ Service: audio_prospector & Function: handlers.logging.set_stdout_file | Setting logging stdout_file to True
2024/10/24 11:36:51 | DBUG @ Service: audio_prospector & Function: handlers.database.set_uri | Setting uri to mongodb+srv://netxp:8FrLLDKDLicb9g9r@c0.btzz4an.mongodb.net/?retryWrites=true&w=majority&appName=C0
2024/10/24 11:36:51 | INFO @ Service: audio_prospector & Function: run.__main__ | Successfully passed configuration to handlers
2024/10/24 11:36:51 | INFO @ Service: audio_prospector & Function: run.__main__ | Successfully started service audio_prospector
2024/10/24 11:36:51 | DBUG @ Service: audio_prospector & Function: audio_prospector._api_start | Passing configuration to api object and startning api server
2024/10/24 11:36:52 | INFO @ Service: audio_prospector & Function: audio_prospector._api_routing | S: API hit no. 1 post /api/audioprospector/start
2024/10/24 11:36:52 | INFO @ Service: audio_prospector & Function: audio_prospector._job_start | Attempting to start job with configuration: {'path': 'string', 'audio_extension': 'wav', 'scanning_interval': 0}
2024/10/24 11:36:52 | DBUG @ Service: audio_prospector & Function: audio_prospector._job_start | Attempting to verify current job status
2024/10/24 11:36:52 | DBUG @ Service: audio_prospector & Function: audio_prospector._job_start | Current job status is IDLE
2024/10/24 11:36:52 | DBUG @ Service: audio_prospector & Function: audio_prospector._job_start | Creating job thread
2024/10/24 11:36:52 | DBUG @ Service: audio_prospector & Function: audio_prospector._job_start | Starting job thread
2024/10/24 11:36:52 | INFO @ Service: audio_prospector & Function: audio_prospector._job_start | Successfully started job with configuration: {'path': 'string', 'audio_extension': 'wav', 'scanning_interval': 0}
2024/10/24 11:36:52 | INFO @ Service: audio_prospector & Function: audio_prospector._api_routing | EOK: API hit no. 1 post /api/audioprospector/start
2024/10/24 11:37:03 | INFO @ Service: audio_prospector & Function: audio_prospector._api_routing | S: API hit no. 2 get /api/audioprospector/status
2024/10/24 11:37:03 | INFO @ Service: audio_prospector & Function: audio_prospector._api_routing | EOK: API hit no. 2 get /api/audioprospector/status
2024/10/24 11:37:45 | DBUG @ Service: audio_prospector & Function: handlers.logging.set_stdout_file | Setting logging stdout_file to True
2024/10/24 11:37:45 | DBUG @ Service: audio_prospector & Function: handlers.database.set_uri | Setting uri to mongodb+srv://netxp:8FrLLDKDLicb9g9r@c0.btzz4an.mongodb.net/?retryWrites=true&w=majority&appName=C0
2024/10/24 11:37:45 | INFO @ Service: audio_prospector & Function: run.__main__ | Successfully passed configuration to handlers
2024/10/24 11:37:46 | INFO @ Service: audio_prospector & Function: run.__main__ | Successfully started service audio_prospector
2024/10/24 11:37:46 | DBUG @ Service: audio_prospector & Function: audio_prospector._api_start | Passing configuration to api object and startning api server
2024/10/24 11:37:53 | INFO @ Service: audio_prospector & Function: audio_prospector._api_routing | S: API hit no. 1 get /api/audioprospector/status
2024/10/24 11:37:53 | INFO @ Service: audio_prospector & Function: audio_prospector._api_routing | EOK: API hit no. 1 get /api/audioprospector/status
2024/10/24 11:38:09 | DBUG @ Service: audio_prospector & Function: handlers.logging.set_stdout_file | Setting logging stdout_file to True
2024/10/24 11:38:09 | DBUG @ Service: audio_prospector & Function: handlers.database.set_uri | Setting uri to mongodb+srv://netxp:8FrLLDKDLicb9g9r@c0.btzz4an.mongodb.net/?retryWrites=true&w=majority&appName=C0
2024/10/24 11:38:09 | INFO @ Service: audio_prospector & Function: run.__main__ | Successfully passed configuration to handlers
2024/10/24 11:38:09 | INFO @ Service: audio_prospector & Function: run.__main__ | Successfully started service audio_prospector
2024/10/24 11:38:09 | DBUG @ Service: audio_prospector & Function: audio_prospector._api_start | Passing configuration to api object and startning api server
2024/10/24 11:38:16 | INFO @ Service: audio_prospector & Function: audio_prospector._api_routing | S: API hit no. 1 post /api/audioprospector/start
2024/10/24 11:38:16 | INFO @ Service: audio_prospector & Function: audio_prospector._job_start | Attempting to start job with configuration: {'path': 'string', 'audio_extension': 'wav', 'scanning_interval': 0}
2024/10/24 11:38:16 | DBUG @ Service: audio_prospector & Function: audio_prospector._job_start | Attempting to verify current job status
2024/10/24 11:38:16 | DBUG @ Service: audio_prospector & Function: audio_prospector._job_start | Current job status is IDLE
2024/10/24 11:38:16 | DBUG @ Service: audio_prospector & Function: audio_prospector._job_start | Creating job thread
2024/10/24 11:38:16 | DBUG @ Service: audio_prospector & Function: audio_prospector._job_start | Starting job thread
2024/10/24 11:38:16 | INFO @ Service: audio_prospector & Function: audio_prospector._job_start | Successfully started job with configuration: {'path': 'string', 'audio_extension': 'wav', 'scanning_interval': 0}
2024/10/24 11:38:16 | INFO @ Service: audio_prospector & Function: audio_prospector._api_routing | EOK: API hit no. 1 post /api/audioprospector/start
2024/10/24 11:38:21 | INFO @ Service: audio_prospector & Function: audio_prospector._api_routing | S: API hit no. 2 get /api/audioprospector/status
2024/10/24 11:38:21 | INFO @ Service: audio_prospector & Function: audio_prospector._api_routing | EOK: API hit no. 2 get /api/audioprospector/status
2024/10/24 11:38:37 | INFO @ Service: audio_prospector & Function: audio_prospector._api_routing | S: API hit no. 3 post /api/audioprospector/start
2024/10/24 11:38:37 | INFO @ Service: audio_prospector & Function: audio_prospector._job_start | Attempting to start job with configuration: {'path': 'string', 'audio_extension': 'wav', 'scanning_interval': 0}
2024/10/24 11:38:37 | DBUG @ Service: audio_prospector & Function: audio_prospector._job_start | Attempting to verify current job status
2024/10/24 11:38:37 | ERRO @ Service: audio_prospector & Function: audio_prospector._job_start | Current job status is 'RUNNING'
2024/10/24 11:38:37 | ERRO @ Service: audio_prospector & Function: audio_prospector._job_start | Failed to start job. Reason: Job is already RUNNING
2024/10/24 11:38:37 | WARN @ Service: audio_prospector & Function: audio_prospector._api_routing | ENOK: API hit no. 3 post /api/audioprospector/start
2024/10/24 11:39:04 | INFO @ Service: audio_prospector & Function: audio_prospector._api_routing | S: API hit no. 4 post /api/audioprospector/stop
2024/10/24 11:39:04 | INFO @ Service: audio_prospector & Function: audio_prospector._job_stop | Attempting to stop job
2024/10/24 11:39:04 | DBUG @ Service: audio_prospector & Function: audio_prospector._job_stop | Attempting to verify current job status
2024/10/24 11:39:04 | DBUG @ Service: audio_prospector & Function: audio_prospector._job_stop | Current job status is RUNNING
2024/10/24 11:39:04 | DBUG @ Service: audio_prospector & Function: audio_prospector._job_stop | Setting job flag indicator to False
2024/10/24 11:39:04 | INFO @ Service: audio_prospector & Function: audio_prospector._job_stop | Successfully stoped job
2024/10/24 11:39:04 | WARN @ Service: audio_prospector & Function: audio_prospector._api_routing | EOK: API hit no. 4 post /api/audioprospector/stop
2024/10/24 11:39:10 | INFO @ Service: audio_prospector & Function: audio_prospector._api_routing | S: API hit no. 5 get /api/audioprospector/status
2024/10/24 11:39:10 | INFO @ Service: audio_prospector & Function: audio_prospector._api_routing | EOK: API hit no. 5 get /api/audioprospector/status
2024/10/24 11:39:16 | INFO @ Service: audio_prospector & Function: audio_prospector._api_routing | S: API hit no. 6 post /api/audioprospector/stop
2024/10/24 11:39:16 | INFO @ Service: audio_prospector & Function: audio_prospector._job_stop | Attempting to stop job
2024/10/24 11:39:16 | DBUG @ Service: audio_prospector & Function: audio_prospector._job_stop | Attempting to verify current job status
2024/10/24 11:39:16 | WARN @ Service: audio_prospector & Function: audio_prospector._job_stop | Curren job statis is not 'RUNNING'
2024/10/24 11:39:16 | WARN @ Service: audio_prospector & Function: audio_prospector._job_stop | Failed to stop job. Reason: Job is not RUNNING
2024/10/24 11:39:16 | WARN @ Service: audio_prospector & Function: audio_prospector._api_routing | ENOK: API hit no. 6 post /api/audioprospector/stop
2024/10/24 11:39:33 | DBUG @ Service: audio_prospector & Function: handlers.logging.set_stdout_file | Setting logging stdout_file to True
2024/10/24 11:39:33 | DBUG @ Service: audio_prospector & Function: handlers.database.set_uri | Setting uri to mongodb+srv://netxp:8FrLLDKDLicb9g9r@c0.btzz4an.mongodb.net/?retryWrites=true&w=majority&appName=C0
2024/10/24 11:39:33 | INFO @ Service: audio_prospector & Function: run.__main__ | Successfully passed configuration to handlers
2024/10/24 11:39:34 | INFO @ Service: audio_prospector & Function: run.__main__ | Successfully started service audio_prospector
2024/10/24 11:39:34 | DBUG @ Service: audio_prospector & Function: audio_prospector._api_start | Passing configuration to api object and startning api server
2024/10/24 11:39:34 | INFO @ Service: audio_prospector & Function: audio_prospector._api_routing | S: API hit no. 1 post /api/audioprospector/stop
2024/10/24 11:39:34 | INFO @ Service: audio_prospector & Function: audio_prospector._job_stop | Attempting to stop job
2024/10/24 11:39:34 | DBUG @ Service: audio_prospector & Function: audio_prospector._job_stop | Attempting to verify current job status
2024/10/24 11:39:34 | WARN @ Service: audio_prospector & Function: audio_prospector._job_stop | Curren job statis is not 'RUNNING'
2024/10/24 11:39:34 | WARN @ Service: audio_prospector & Function: audio_prospector._job_stop | Failed to stop job. Reason: Job is not RUNNING
2024/10/24 11:39:34 | WARN @ Service: audio_prospector & Function: audio_prospector._api_routing | ENOK: API hit no. 1 post /api/audioprospector/stop
2024/10/24 11:40:26 | DBUG @ Service: audio_prospector & Function: handlers.logging.set_stdout_file | Setting logging stdout_file to True
2024/10/24 11:40:26 | DBUG @ Service: audio_prospector & Function: handlers.database.set_uri | Setting uri to mongodb+srv://netxp:8FrLLDKDLicb9g9r@c0.btzz4an.mongodb.net/?retryWrites=true&w=majority&appName=C0
2024/10/24 11:40:26 | INFO @ Service: audio_prospector & Function: run.__main__ | Successfully passed configuration to handlers
2024/10/24 11:40:26 | INFO @ Service: audio_prospector & Function: run.__main__ | Successfully started service audio_prospector
2024/10/24 11:40:27 | DBUG @ Service: audio_prospector & Function: audio_prospector._api_start | Passing configuration to api object and startning api server
2024/10/24 11:40:30 | INFO @ Service: audio_prospector & Function: audio_prospector._api_routing | S: API hit no. 1 post /api/audioprospector/start
2024/10/24 11:40:30 | INFO @ Service: audio_prospector & Function: audio_prospector._job_start | Attempting to start job with configuration: {'path': 'string', 'audio_extension': 'wav', 'scanning_interval': 0}
2024/10/24 11:40:30 | DBUG @ Service: audio_prospector & Function: audio_prospector._job_start | Attempting to verify current job status
2024/10/24 11:40:30 | DBUG @ Service: audio_prospector & Function: audio_prospector._job_start | Current job status is IDLE
2024/10/24 11:40:30 | DBUG @ Service: audio_prospector & Function: audio_prospector._job_start | Creating job thread
2024/10/24 11:40:30 | DBUG @ Service: audio_prospector & Function: audio_prospector._job_start | Starting job thread
2024/10/24 11:40:30 | INFO @ Service: audio_prospector & Function: audio_prospector._job_start | Successfully started job with configuration: {'path': 'string', 'audio_extension': 'wav', 'scanning_interval': 0}
2024/10/24 11:40:30 | INFO @ Service: audio_prospector & Function: audio_prospector._api_routing | EOK: API hit no. 1 post /api/audioprospector/start
2024/10/24 11:41:42 | DBUG @ Service: audio_prospector & Function: handlers.logging.set_stdout_file | Setting logging stdout_file to True
2024/10/24 11:41:42 | DBUG @ Service: audio_prospector & Function: handlers.database.set_uri | Setting uri to mongodb+srv://netxp:8FrLLDKDLicb9g9r@c0.btzz4an.mongodb.net/?retryWrites=true&w=majority&appName=C0
2024/10/24 11:41:42 | INFO @ Service: audio_prospector & Function: run.__main__ | Successfully passed configuration to handlers
2024/10/24 11:41:42 | INFO @ Service: audio_prospector & Function: run.__main__ | Successfully started service audio_prospector
2024/10/24 11:41:42 | DBUG @ Service: audio_prospector & Function: audio_prospector._api_start | Passing configuration to api object and startning api server
2024/10/24 11:41:43 | INFO @ Service: audio_prospector & Function: audio_prospector._api_routing | S: API hit no. 1 post /api/audioprospector/start
2024/10/24 11:41:43 | INFO @ Service: audio_prospector & Function: audio_prospector._job_start | Attempting to start job with configuration: {'path': 'string', 'audio_extension': 'wav', 'scanning_interval': 0}
2024/10/24 11:41:43 | DBUG @ Service: audio_prospector & Function: audio_prospector._job_start | Attempting to verify current job status
2024/10/24 11:41:43 | DBUG @ Service: audio_prospector & Function: audio_prospector._job_start | Current job status is IDLE
2024/10/24 11:41:43 | DBUG @ Service: audio_prospector & Function: audio_prospector._job_start | Creating job thread
2024/10/24 11:41:43 | DBUG @ Service: audio_prospector & Function: audio_prospector._job_start | Starting job thread
2024/10/24 11:41:43 | INFO @ Service: audio_prospector & Function: audio_prospector._job_start | Successfully started job with configuration: {'path': 'string', 'audio_extension': 'wav', 'scanning_interval': 0}
2024/10/24 11:41:43 | INFO @ Service: audio_prospector & Function: audio_prospector._api_routing | EOK: API hit no. 1 post /api/audioprospector/start
2024/10/24 11:42:00 | INFO @ Service: audio_prospector & Function: audio_prospector._api_routing | S: API hit no. 2 post /api/audioprospector/stop
2024/10/24 11:42:00 | INFO @ Service: audio_prospector & Function: audio_prospector._job_stop | Attempting to stop job
2024/10/24 11:42:00 | DBUG @ Service: audio_prospector & Function: audio_prospector._job_stop | Attempting to verify current job status
2024/10/24 11:42:00 | DBUG @ Service: audio_prospector & Function: audio_prospector._job_stop | Current job status is RUNNING
2024/10/24 11:42:00 | DBUG @ Service: audio_prospector & Function: audio_prospector._job_stop | Setting job flag indicator to False
2024/10/24 11:42:00 | INFO @ Service: audio_prospector & Function: audio_prospector._job_stop | Successfully stoped job
2024/10/24 11:42:00 | WARN @ Service: audio_prospector & Function: audio_prospector._api_routing | EOK: API hit no. 2 post /api/audioprospector/stop
2024/10/24 12:01:08 | DBUG @ Service: audio_prospector & Function: handlers.logging.set_stdout_file | Setting logging stdout_file to True
2024/10/24 12:01:08 | DBUG @ Service: audio_prospector & Function: handlers.database.set_uri | Setting uri to mongodb+srv://netxp:8FrLLDKDLicb9g9r@c0.btzz4an.mongodb.net/?retryWrites=true&w=majority&appName=C0
2024/10/24 12:01:08 | INFO @ Service: audio_prospector & Function: run.__main__ | Successfully passed configuration to handlers
2024/10/24 12:01:08 | INFO @ Service: audio_prospector & Function: run.__main__ | Successfully started service audio_prospector
2024/10/24 12:01:08 | DBUG @ Service: audio_prospector & Function: audio_prospector._api_start | Passing configuration to api object and startning api server
2024/10/24 12:01:24 | INFO @ Service: audio_prospector & Function: audio_prospector._api_routing | S: API hit no. 1 post /api/audioprospector/start
2024/10/24 12:01:24 | INFO @ Service: audio_prospector & Function: audio_prospector._job_start | Attempting to start job with configuration: {'path': './test', 'audio_extension': 'wav', 'scanning_interval': 0}
2024/10/24 12:01:24 | DBUG @ Service: audio_prospector & Function: audio_prospector._job_start | Attempting to verify current job status
2024/10/24 12:01:24 | DBUG @ Service: audio_prospector & Function: audio_prospector._job_start | Current job status is IDLE
2024/10/24 12:01:24 | DBUG @ Service: audio_prospector & Function: audio_prospector._job_start | Creating job thread
2024/10/24 12:01:24 | DBUG @ Service: audio_prospector & Function: audio_prospector._job_start | Starting job thread
2024/10/24 12:01:24 | INFO @ Service: audio_prospector & Function: audio_prospector.__job_loop | Starting loop iteration no. 1
2024/10/24 12:01:24 | INFO @ Service: audio_prospector & Function: audio_prospector._job_start | Successfully started job with configuration: {'path': './test', 'audio_extension': 'wav', 'scanning_interval': 0}
2024/10/24 12:01:24 | DBUG @ Service: audio_prospector & Function: audio_prospector._job_loop | Attempting to scan for audio files
2024/10/24 12:01:24 | DBUG @ Service: audio_prospector & Function: decorators.retry | Function __scan was passed to retry wrapper
2024/10/24 12:01:24 | DBUG @ Service: audio_prospector & Function: decorators.retry | Function __scan. Attempt 1 of 2
2024/10/24 12:01:24 | DBUG @ Service: audio_prospector & Function: decorators.retry | Function __scan. Attempt 1 of 2 failed. Retrying in 10 seconds
2024/10/24 12:01:25 | INFO @ Service: audio_prospector & Function: audio_prospector._api_routing | EOK: API hit no. 1 post /api/audioprospector/start
2024/10/24 12:01:35 | DBUG @ Service: audio_prospector & Function: decorators.retry | Function __scan. Attempt 2 of 2
2024/10/24 12:01:35 | DBUG @ Service: audio_prospector & Function: decorators.retry | Function __scan. All 2 attempts failed
2024/10/24 12:01:45 | INFO @ Service: audio_prospector & Function: audio_prospector.__job_loop | Starting loop iteration no. 1
2024/10/24 12:01:45 | DBUG @ Service: audio_prospector & Function: audio_prospector._job_loop | Attempting to scan for audio files
2024/10/24 12:01:45 | DBUG @ Service: audio_prospector & Function: decorators.retry | Function __scan was passed to retry wrapper
2024/10/24 12:01:45 | DBUG @ Service: audio_prospector & Function: decorators.retry | Function __scan. Attempt 1 of 2
2024/10/24 12:01:45 | DBUG @ Service: audio_prospector & Function: decorators.retry | Function __scan. Attempt 1 of 2 failed. Retrying in 10 seconds
2024/10/24 12:01:55 | DBUG @ Service: audio_prospector & Function: decorators.retry | Function __scan. Attempt 2 of 2
2024/10/24 12:01:55 | DBUG @ Service: audio_prospector & Function: decorators.retry | Function __scan. All 2 attempts failed
2024/10/24 12:02:03 | DBUG @ Service: audio_prospector & Function: handlers.logging.set_stdout_file | Setting logging stdout_file to True
2024/10/24 12:02:03 | DBUG @ Service: audio_prospector & Function: handlers.database.set_uri | Setting uri to mongodb+srv://netxp:8FrLLDKDLicb9g9r@c0.btzz4an.mongodb.net/?retryWrites=true&w=majority&appName=C0
2024/10/24 12:02:03 | INFO @ Service: audio_prospector & Function: run.__main__ | Successfully passed configuration to handlers
2024/10/24 12:02:03 | INFO @ Service: audio_prospector & Function: run.__main__ | Successfully started service audio_prospector
2024/10/24 12:02:03 | DBUG @ Service: audio_prospector & Function: audio_prospector._api_start | Passing configuration to api object and startning api server
2024/10/24 12:02:10 | INFO @ Service: audio_prospector & Function: audio_prospector._api_routing | S: API hit no. 1 post /api/audioprospector/start
2024/10/24 12:02:10 | INFO @ Service: audio_prospector & Function: audio_prospector._job_start | Attempting to start job with configuration: {'path': '/test', 'audio_extension': 'wav', 'scanning_interval': 0}
2024/10/24 12:02:10 | DBUG @ Service: audio_prospector & Function: audio_prospector._job_start | Attempting to verify current job status
2024/10/24 12:02:10 | DBUG @ Service: audio_prospector & Function: audio_prospector._job_start | Current job status is IDLE
2024/10/24 12:02:10 | DBUG @ Service: audio_prospector & Function: audio_prospector._job_start | Creating job thread
2024/10/24 12:02:10 | DBUG @ Service: audio_prospector & Function: audio_prospector._job_start | Starting job thread
2024/10/24 12:02:10 | INFO @ Service: audio_prospector & Function: audio_prospector._job_start | Successfully started job with configuration: {'path': '/test', 'audio_extension': 'wav', 'scanning_interval': 0}
2024/10/24 12:02:10 | INFO @ Service: audio_prospector & Function: audio_prospector.__job_loop | Starting loop iteration no. 1
2024/10/24 12:02:10 | INFO @ Service: audio_prospector & Function: audio_prospector._api_routing | EOK: API hit no. 1 post /api/audioprospector/start
2024/10/24 12:02:10 | DBUG @ Service: audio_prospector & Function: audio_prospector._job_loop | Attempting to scan for audio files
2024/10/24 12:02:10 | DBUG @ Service: audio_prospector & Function: decorators.retry | Function __scan was passed to retry wrapper
2024/10/24 12:02:10 | DBUG @ Service: audio_prospector & Function: decorators.retry | Function __scan. Attempt 1 of 2
2024/10/24 12:02:10 | DBUG @ Service: audio_prospector & Function: decorators.retry | Function __scan. Attempt 1 of 2 failed. Retrying in 10 seconds
2024/10/24 12:02:20 | DBUG @ Service: audio_prospector & Function: decorators.retry | Function __scan. Attempt 2 of 2
2024/10/24 12:02:20 | DBUG @ Service: audio_prospector & Function: decorators.retry | Function __scan. All 2 attempts failed
2024/10/24 12:02:30 | INFO @ Service: audio_prospector & Function: audio_prospector.__job_loop | Starting loop iteration no. 1
2024/10/24 12:02:30 | DBUG @ Service: audio_prospector & Function: audio_prospector._job_loop | Attempting to scan for audio files
2024/10/24 12:02:30 | DBUG @ Service: audio_prospector & Function: decorators.retry | Function __scan was passed to retry wrapper
2024/10/24 12:02:30 | DBUG @ Service: audio_prospector & Function: decorators.retry | Function __scan. Attempt 1 of 2
2024/10/24 12:02:30 | DBUG @ Service: audio_prospector & Function: decorators.retry | Function __scan. Attempt 1 of 2 failed. Retrying in 10 seconds
2024/10/24 12:02:40 | DBUG @ Service: audio_prospector & Function: decorators.retry | Function __scan. Attempt 2 of 2
2024/10/24 12:02:40 | DBUG @ Service: audio_prospector & Function: decorators.retry | Function __scan. All 2 attempts failed
2024/10/24 12:02:46 | DBUG @ Service: audio_prospector & Function: handlers.logging.set_stdout_file | Setting logging stdout_file to True
2024/10/24 12:02:46 | DBUG @ Service: audio_prospector & Function: handlers.database.set_uri | Setting uri to mongodb+srv://netxp:8FrLLDKDLicb9g9r@c0.btzz4an.mongodb.net/?retryWrites=true&w=majority&appName=C0
2024/10/24 12:02:46 | INFO @ Service: audio_prospector & Function: run.__main__ | Successfully passed configuration to handlers
2024/10/24 12:02:46 | INFO @ Service: audio_prospector & Function: run.__main__ | Successfully started service audio_prospector
2024/10/24 12:02:46 | DBUG @ Service: audio_prospector & Function: audio_prospector._api_start | Passing configuration to api object and startning api server
2024/10/24 12:02:48 | INFO @ Service: audio_prospector & Function: audio_prospector._api_routing | S: API hit no. 1 post /api/audioprospector/start
2024/10/24 12:02:48 | INFO @ Service: audio_prospector & Function: audio_prospector._job_start | Attempting to start job with configuration: {'path': '/test', 'audio_extension': 'wav', 'scanning_interval': 0}
2024/10/24 12:02:48 | DBUG @ Service: audio_prospector & Function: audio_prospector._job_start | Attempting to verify current job status
2024/10/24 12:02:48 | DBUG @ Service: audio_prospector & Function: audio_prospector._job_start | Current job status is IDLE
2024/10/24 12:02:48 | DBUG @ Service: audio_prospector & Function: audio_prospector._job_start | Creating job thread
2024/10/24 12:02:48 | DBUG @ Service: audio_prospector & Function: audio_prospector._job_start | Starting job thread
2024/10/24 12:02:48 | INFO @ Service: audio_prospector & Function: audio_prospector.__job_loop | Starting loop iteration no. 1
2024/10/24 12:02:48 | INFO @ Service: audio_prospector & Function: audio_prospector._job_start | Successfully started job with configuration: {'path': '/test', 'audio_extension': 'wav', 'scanning_interval': 0}
2024/10/24 12:02:48 | DBUG @ Service: audio_prospector & Function: audio_prospector._job_loop | Attempting to scan for audio files
2024/10/24 12:02:48 | DBUG @ Service: audio_prospector & Function: decorators.retry | Function __scan was passed to retry wrapper
2024/10/24 12:02:48 | DBUG @ Service: audio_prospector & Function: decorators.retry | Function __scan. Attempt 1 of 2
2024/10/24 12:02:48 | INFO @ Service: audio_prospector & Function: audio_prospector._api_routing | EOK: API hit no. 1 post /api/audioprospector/start
2024/10/24 12:06:27 | DBUG @ Service: audio_prospector & Function: handlers.logging.set_stdout_file | Setting logging stdout_file to True
2024/10/24 12:06:27 | DBUG @ Service: audio_prospector & Function: handlers.database.set_uri | Setting uri to mongodb+srv://netxp:8FrLLDKDLicb9g9r@c0.btzz4an.mongodb.net/?retryWrites=true&w=majority&appName=C0
2024/10/24 12:06:27 | INFO @ Service: audio_prospector & Function: run.__main__ | Successfully passed configuration to handlers
2024/10/24 12:06:27 | INFO @ Service: audio_prospector & Function: run.__main__ | Successfully started service audio_prospector
2024/10/24 12:06:27 | DBUG @ Service: audio_prospector & Function: audio_prospector._api_start | Passing configuration to api object and startning api server
2024/10/24 12:06:29 | INFO @ Service: audio_prospector & Function: audio_prospector._api_routing | S: API hit no. 1 post /api/audioprospector/start
2024/10/24 12:06:29 | INFO @ Service: audio_prospector & Function: audio_prospector._job_start | Attempting to start job with configuration: {'path': '/test', 'audio_extension': 'wav', 'scanning_interval': 0}
2024/10/24 12:06:29 | DBUG @ Service: audio_prospector & Function: audio_prospector._job_start | Attempting to verify current job status
2024/10/24 12:06:29 | DBUG @ Service: audio_prospector & Function: audio_prospector._job_start | Current job status is IDLE
2024/10/24 12:06:29 | DBUG @ Service: audio_prospector & Function: audio_prospector._job_start | Creating job thread
2024/10/24 12:06:29 | DBUG @ Service: audio_prospector & Function: audio_prospector._job_start | Starting job thread
2024/10/24 12:06:29 | INFO @ Service: audio_prospector & Function: audio_prospector.__job_loop | Starting loop iteration no. 1
2024/10/24 12:06:29 | INFO @ Service: audio_prospector & Function: audio_prospector._job_start | Successfully started job with configuration: {'path': '/test', 'audio_extension': 'wav', 'scanning_interval': 0}
2024/10/24 12:06:29 | DBUG @ Service: audio_prospector & Function: audio_prospector._job_loop | Attempting to scan for audio files
2024/10/24 12:06:29 | DBUG @ Service: audio_prospector & Function: decorators.retry | Function __scan was passed to retry wrapper
2024/10/24 12:06:29 | DBUG @ Service: audio_prospector & Function: decorators.retry | Function __scan. Attempt 1 of 2
2024/10/24 12:06:29 | DBUG @ Service: audio_prospector & Function: decorators.retry | Function __scan. Attempt 1 of 2 failed. Retrying in 10 seconds
2024/10/24 12:06:29 | INFO @ Service: audio_prospector & Function: audio_prospector._api_routing | EOK: API hit no. 1 post /api/audioprospector/start
2024/10/24 12:06:39 | DBUG @ Service: audio_prospector & Function: decorators.retry | Function __scan. Attempt 2 of 2
2024/10/24 12:06:39 | DBUG @ Service: audio_prospector & Function: decorators.retry | Function __scan. All 2 attempts failed
2024/10/24 12:06:49 | INFO @ Service: audio_prospector & Function: audio_prospector.__job_loop | Starting loop iteration no. 1
2024/10/24 12:06:49 | DBUG @ Service: audio_prospector & Function: audio_prospector._job_loop | Attempting to scan for audio files
2024/10/24 12:06:49 | DBUG @ Service: audio_prospector & Function: decorators.retry | Function __scan was passed to retry wrapper
2024/10/24 12:06:49 | DBUG @ Service: audio_prospector & Function: decorators.retry | Function __scan. Attempt 1 of 2
2024/10/24 12:06:49 | DBUG @ Service: audio_prospector & Function: decorators.retry | Function __scan. Attempt 1 of 2 failed. Retrying in 10 seconds
2024/10/24 12:06:56 | DBUG @ Service: audio_prospector & Function: handlers.logging.set_stdout_file | Setting logging stdout_file to True
2024/10/24 12:06:56 | DBUG @ Service: audio_prospector & Function: handlers.database.set_uri | Setting uri to mongodb+srv://netxp:8FrLLDKDLicb9g9r@c0.btzz4an.mongodb.net/?retryWrites=true&w=majority&appName=C0
2024/10/24 12:06:56 | INFO @ Service: audio_prospector & Function: run.__main__ | Successfully passed configuration to handlers
2024/10/24 12:06:56 | INFO @ Service: audio_prospector & Function: run.__main__ | Successfully started service audio_prospector
2024/10/24 12:06:56 | DBUG @ Service: audio_prospector & Function: audio_prospector._api_start | Passing configuration to api object and startning api server
2024/10/24 12:06:56 | INFO @ Service: audio_prospector & Function: audio_prospector._api_routing | S: API hit no. 1 post /api/audioprospector/start
2024/10/24 12:06:57 | INFO @ Service: audio_prospector & Function: audio_prospector._job_start | Attempting to start job with configuration: {'path': './test', 'audio_extension': 'wav', 'scanning_interval': 0}
2024/10/24 12:06:57 | DBUG @ Service: audio_prospector & Function: audio_prospector._job_start | Attempting to verify current job status
2024/10/24 12:06:57 | DBUG @ Service: audio_prospector & Function: audio_prospector._job_start | Current job status is IDLE
2024/10/24 12:06:57 | DBUG @ Service: audio_prospector & Function: audio_prospector._job_start | Creating job thread
2024/10/24 12:06:57 | DBUG @ Service: audio_prospector & Function: audio_prospector._job_start | Starting job thread
2024/10/24 12:06:57 | INFO @ Service: audio_prospector & Function: audio_prospector.__job_loop | Starting loop iteration no. 1
2024/10/24 12:06:57 | INFO @ Service: audio_prospector & Function: audio_prospector._job_start | Successfully started job with configuration: {'path': './test', 'audio_extension': 'wav', 'scanning_interval': 0}
2024/10/24 12:06:57 | DBUG @ Service: audio_prospector & Function: audio_prospector._job_loop | Attempting to scan for audio files
2024/10/24 12:06:57 | DBUG @ Service: audio_prospector & Function: decorators.retry | Function __scan was passed to retry wrapper
2024/10/24 12:06:57 | DBUG @ Service: audio_prospector & Function: decorators.retry | Function __scan. Attempt 1 of 2
2024/10/24 12:06:57 | INFO @ Service: audio_prospector & Function: audio_prospector._api_routing | EOK: API hit no. 1 post /api/audioprospector/start
2024/10/24 12:07:10 | DBUG @ Service: audio_prospector & Function: handlers.logging.set_stdout_file | Setting logging stdout_file to True
2024/10/24 12:07:10 | DBUG @ Service: audio_prospector & Function: handlers.database.set_uri | Setting uri to mongodb+srv://netxp:8FrLLDKDLicb9g9r@c0.btzz4an.mongodb.net/?retryWrites=true&w=majority&appName=C0
2024/10/24 12:07:10 | INFO @ Service: audio_prospector & Function: run.__main__ | Successfully passed configuration to handlers
2024/10/24 12:07:10 | INFO @ Service: audio_prospector & Function: run.__main__ | Successfully started service audio_prospector
2024/10/24 12:07:10 | DBUG @ Service: audio_prospector & Function: audio_prospector._api_start | Passing configuration to api object and startning api server
2024/10/24 12:07:11 | INFO @ Service: audio_prospector & Function: audio_prospector._api_routing | S: API hit no. 1 post /api/audioprospector/start
2024/10/24 12:07:11 | INFO @ Service: audio_prospector & Function: audio_prospector._job_start | Attempting to start job with configuration: {'path': './test', 'audio_extension': 'wav', 'scanning_interval': 0}
2024/10/24 12:07:11 | DBUG @ Service: audio_prospector & Function: audio_prospector._job_start | Attempting to verify current job status
2024/10/24 12:07:11 | DBUG @ Service: audio_prospector & Function: audio_prospector._job_start | Current job status is IDLE
2024/10/24 12:07:11 | DBUG @ Service: audio_prospector & Function: audio_prospector._job_start | Creating job thread
2024/10/24 12:07:11 | DBUG @ Service: audio_prospector & Function: audio_prospector._job_start | Starting job thread
2024/10/24 12:07:11 | INFO @ Service: audio_prospector & Function: audio_prospector._job_start | Successfully started job with configuration: {'path': './test', 'audio_extension': 'wav', 'scanning_interval': 0}
2024/10/24 12:07:11 | INFO @ Service: audio_prospector & Function: audio_prospector._api_routing | EOK: API hit no. 1 post /api/audioprospector/start
2024/10/24 12:07:12 | DBUG @ Service: audio_prospector & Function: audio_prospector._job_loop | Attempting to scan for audio files
2024/10/24 12:07:12 | DBUG @ Service: audio_prospector & Function: decorators.retry | Function __scan was passed to retry wrapper
2024/10/24 12:07:12 | DBUG @ Service: audio_prospector & Function: decorators.retry | Function __scan. Attempt 1 of 2
2024/10/24 12:07:12 | DBUG @ Service: audio_prospector & Function: decorators.retry | Function __scan. Attempt 1 of 2 was successful
2024/10/24 12:07:22 | INFO @ Service: audio_prospector & Function: audio_prospector.__job_loop | Starting loop iteration no. 1
2024/10/24 12:07:22 | DBUG @ Service: audio_prospector & Function: audio_prospector._job_loop | Attempting to scan for audio files
2024/10/24 12:07:22 | DBUG @ Service: audio_prospector & Function: decorators.retry | Function __scan was passed to retry wrapper
2024/10/24 12:07:22 | DBUG @ Service: audio_prospector & Function: decorators.retry | Function __scan. Attempt 1 of 2
2024/10/24 12:07:22 | DBUG @ Service: audio_prospector & Function: decorators.retry | Function __scan. Attempt 1 of 2 was successful
2024/10/24 12:07:32 | INFO @ Service: audio_prospector & Function: audio_prospector.__job_loop | Starting loop iteration no. 1
2024/10/24 12:07:32 | DBUG @ Service: audio_prospector & Function: audio_prospector._job_loop | Attempting to scan for audio files
2024/10/24 12:07:32 | DBUG @ Service: audio_prospector & Function: decorators.retry | Function __scan was passed to retry wrapper
2024/10/24 12:07:32 | DBUG @ Service: audio_prospector & Function: decorators.retry | Function __scan. Attempt 1 of 2
2024/10/24 12:07:32 | DBUG @ Service: audio_prospector & Function: decorators.retry | Function __scan. Attempt 1 of 2 was successful
2024/10/24 12:07:42 | INFO @ Service: audio_prospector & Function: audio_prospector.__job_loop | Starting loop iteration no. 1
2024/10/24 12:07:42 | DBUG @ Service: audio_prospector & Function: audio_prospector._job_loop | Attempting to scan for audio files
2024/10/24 12:07:42 | DBUG @ Service: audio_prospector & Function: decorators.retry | Function __scan was passed to retry wrapper
2024/10/24 12:07:42 | DBUG @ Service: audio_prospector & Function: decorators.retry | Function __scan. Attempt 1 of 2
2024/10/24 12:07:42 | DBUG @ Service: audio_prospector & Function: decorators.retry | Function __scan. Attempt 1 of 2 failed. Retrying in 10 seconds
2024/10/24 12:07:52 | DBUG @ Service: audio_prospector & Function: decorators.retry | Function __scan. Attempt 2 of 2
2024/10/24 12:07:52 | DBUG @ Service: audio_prospector & Function: decorators.retry | Function __scan. All 2 attempts failed
2024/10/24 12:08:02 | INFO @ Service: audio_prospector & Function: audio_prospector.__job_loop | Starting loop iteration no. 1
2024/10/24 12:08:02 | DBUG @ Service: audio_prospector & Function: audio_prospector._job_loop | Attempting to scan for audio files
2024/10/24 12:08:02 | DBUG @ Service: audio_prospector & Function: decorators.retry | Function __scan was passed to retry wrapper
2024/10/24 12:08:02 | DBUG @ Service: audio_prospector & Function: decorators.retry | Function __scan. Attempt 1 of 2
2024/10/24 12:08:02 | DBUG @ Service: audio_prospector & Function: decorators.retry | Function __scan. Attempt 1 of 2 failed. Retrying in 10 seconds
